<?xml version="1.0" encoding="UTF-8"?>
<testng-results ignored="0" total="1" passed="1" failed="0" skipped="0">
  <reporter-output>
  </reporter-output>
  <suite started-at="2022-01-18T16:56:40 IST" name="Default suite" finished-at="2022-01-18T16:56:44 IST" duration-ms="4725">
    <groups>
    </groups>
    <test started-at="2022-01-18T16:56:40 IST" name="Default test" finished-at="2022-01-18T16:56:44 IST" duration-ms="4725">
      <class name="LaunchChrome">
        <test-method signature="launchandclosegoole()[pri:0, instance:LaunchChrome@73ee04c8]" started-at="2022-01-18T16:56:40 IST" name="launchandclosegoole" finished-at="2022-01-18T16:56:44 IST" duration-ms="4667" status="PASS">
          <reporter-output>
          </reporter-output>
        </test-method> <!-- launchandclosegoole -->
      </class> <!-- LaunchChrome -->
    </test> <!-- Default test -->
  </suite> <!-- Default suite -->
</testng-results>
